<?xml version="1.0" encoding="UTF-8"?>
<!-- Generated by org.testng.reporters.JUnitXMLReporter -->
<testsuite ignored="0" hostname="DESKTOP-O647TAI" failures="0" tests="3" name="Default test" time="22.392" errors="0" timestamp="2022-10-15T00:30:07 IST">
  <testcase classname="testsAutomation.SubscriptionPageValidation_TC" name="saudiArab" time="1.317"/>
  <testcase classname="testsAutomation.SubscriptionPageValidation_TC" name="bahrain" time="4.2"/>
  <testcase classname="testsAutomation.SubscriptionPageValidation_TC" name="kuwait" time="7.444"/>
</testsuite> <!-- Default test -->
