<?xml version="1.0" encoding="UTF-8"?>
<testng-results ignored="0" total="3" passed="3" failed="0" skipped="0">
  <reporter-output>
  </reporter-output>
  <suite started-at="2022-10-15T00:29:45 IST" name="Default suite" finished-at="2022-10-15T00:30:07 IST" duration-ms="22392">
    <groups>
    </groups>
    <test started-at="2022-10-15T00:29:45 IST" name="Default test" finished-at="2022-10-15T00:30:07 IST" duration-ms="22392">
      <class name="testsAutomation.SubscriptionPageValidation_TC">
        <test-method is-config="true" signature="beforeMethod()[pri:0, instance:testsAutomation.SubscriptionPageValidation_TC@32b260fa]" started-at="2022-10-15T00:29:45 IST" name="beforeMethod" finished-at="2022-10-15T00:29:48 IST" duration-ms="3485" status="PASS">
          <reporter-output>
          </reporter-output>
        </test-method> <!-- beforeMethod -->
        <test-method signature="saudiArab()[pri:1, instance:testsAutomation.SubscriptionPageValidation_TC@32b260fa]" started-at="2022-10-15T00:29:48 IST" name="saudiArab" finished-at="2022-10-15T00:29:50 IST" duration-ms="1317" status="PASS">
          <reporter-output>
          </reporter-output>
        </test-method> <!-- saudiArab -->
        <test-method is-config="true" signature="tearDown()[pri:0, instance:testsAutomation.SubscriptionPageValidation_TC@32b260fa]" started-at="2022-10-15T00:29:50 IST" name="tearDown" finished-at="2022-10-15T00:29:50 IST" duration-ms="162" status="PASS">
          <reporter-output>
          </reporter-output>
        </test-method> <!-- tearDown -->
        <test-method is-config="true" signature="beforeMethod()[pri:0, instance:testsAutomation.SubscriptionPageValidation_TC@32b260fa]" started-at="2022-10-15T00:29:50 IST" name="beforeMethod" finished-at="2022-10-15T00:29:53 IST" duration-ms="2683" status="PASS">
          <reporter-output>
          </reporter-output>
        </test-method> <!-- beforeMethod -->
        <test-method signature="bahrain()[pri:2, instance:testsAutomation.SubscriptionPageValidation_TC@32b260fa]" started-at="2022-10-15T00:29:53 IST" name="bahrain" finished-at="2022-10-15T00:29:57 IST" duration-ms="4200" status="PASS">
          <reporter-output>
          </reporter-output>
        </test-method> <!-- bahrain -->
        <test-method is-config="true" signature="tearDown()[pri:0, instance:testsAutomation.SubscriptionPageValidation_TC@32b260fa]" started-at="2022-10-15T00:29:57 IST" name="tearDown" finished-at="2022-10-15T00:29:57 IST" duration-ms="160" status="PASS">
          <reporter-output>
          </reporter-output>
        </test-method> <!-- tearDown -->
        <test-method is-config="true" signature="beforeMethod()[pri:0, instance:testsAutomation.SubscriptionPageValidation_TC@32b260fa]" started-at="2022-10-15T00:29:57 IST" name="beforeMethod" finished-at="2022-10-15T00:30:00 IST" duration-ms="2658" status="PASS">
          <reporter-output>
          </reporter-output>
        </test-method> <!-- beforeMethod -->
        <test-method signature="kuwait()[pri:3, instance:testsAutomation.SubscriptionPageValidation_TC@32b260fa]" started-at="2022-10-15T00:30:00 IST" name="kuwait" finished-at="2022-10-15T00:30:07 IST" duration-ms="7444" status="PASS">
          <reporter-output>
          </reporter-output>
        </test-method> <!-- kuwait -->
        <test-method is-config="true" signature="tearDown()[pri:0, instance:testsAutomation.SubscriptionPageValidation_TC@32b260fa]" started-at="2022-10-15T00:30:07 IST" name="tearDown" finished-at="2022-10-15T00:30:07 IST" duration-ms="239" status="PASS">
          <reporter-output>
          </reporter-output>
        </test-method> <!-- tearDown -->
      </class> <!-- testsAutomation.SubscriptionPageValidation_TC -->
    </test> <!-- Default test -->
  </suite> <!-- Default suite -->
</testng-results>
