<?xml version="1.0" encoding="UTF-8"?>
<!-- Generated by org.testng.reporters.JUnitXMLReporter -->
<testsuite ignored="0" hostname="DESKTOP-O647TAI" failures="0" tests="3" name="Test1" time="20.968" errors="0" timestamp="2022-10-11T09:58:16 IST">
  <testcase classname="automationFramework.SubscriptionPage_TC" name="saudiArab" time="0.33"/>
  <testcase classname="automationFramework.SubscriptionPage_TC" name="bahrain" time="2.707"/>
  <testcase classname="automationFramework.SubscriptionPage_TC" name="kuwait" time="3.206"/>
</testsuite> <!-- Test1 -->
