<?xml version="1.0" encoding="UTF-8"?>
<!-- Generated by org.testng.reporters.JUnitXMLReporter -->
<testsuite ignored="0" hostname="DESKTOP-O647TAI" failures="0" tests="1" name="TestOpenBrowser" time="1.764" errors="0" timestamp="2022-10-10T15:11:36 IST">
  <testcase classname="com.afi.webdriver.OpenBrowser" name="@BeforeMethod beforeMethod" time="1.73">
    <failure type="java.lang.ExceptionInInitializerError">
      <![CDATA[java.lang.ExceptionInInitializerError
at com.afi.webdriver.OpenBrowser.beforeMethod(OpenBrowser.java:28)
at java.base/java.util.ArrayList.forEach(ArrayList.java:1511)
Caused by: java.lang.NullPointerException: Cannot invoke "org.openqa.selenium.WebDriver.findElement(org.openqa.selenium.By)" because "com.aif.POM.POM.driver" is null
at com.aif.POM.POM.<clinit>(POM.java:10)
... 33 more
... Removed 31 stack frames]]>
    </failure>
  </testcase> <!-- @BeforeMethod beforeMethod -->
  <testcase classname="com.afi.webdriver.OpenBrowser" name="f" time="0.0">
    <skipped/>
  </testcase> <!-- f -->
</testsuite> <!-- TestOpenBrowser -->
